00:35:00.677 [JDA MainWS-ReadThread] WARN  n.d.j.i.requests.WebSocketClient - Got disconnected from WebSocket (Code 1000). Appending to reconnect queue
00:35:03.105 [JDA MainWS-ReadThread] INFO  n.d.j.i.requests.WebSocketClient - Connected to WebSocket
00:35:03.395 [JDA MainWS-ReadThread] INFO  n.p.didnb.events.GuildReady - Registered commands in guild Umbreon's Loft(321377200660283393)
00:35:03.413 [JDA MainWS-ReadThread] INFO  n.p.didnb.events.GuildReady - Registered commands in guild 💢Blutrausch💢(974287878047793223)
00:35:03.422 [JDA MainWS-ReadThread] INFO  n.p.didnb.events.GuildReady - Registered commands in guild Valhalla(984186367070310400)
00:35:03.428 [JDA MainWS-ReadThread] INFO  n.p.didnb.events.GuildReady - Registered commands in guild Umbreon's serverx(1061634554676383775)
00:35:03.438 [JDA MainWS-ReadThread] INFO  n.p.didnb.events.GuildReady - Registered commands in guild TRIFORCE(990136559879745596)
00:35:03.444 [JDA MainWS-ReadThread] INFO  n.p.didnb.events.GuildReady - Registered commands in guild nevar316's server(1027635770955149322)
00:35:03.446 [JDA MainWS-ReadThread] INFO  net.dv8tion.jda.api.JDA - Finished (Re)Loading!
02:35:20.178 [JDA MainWS-ReadThread] WARN  n.d.j.i.requests.WebSocketClient - Reconnect failed! Next attempt in 2s
02:35:22.736 [JDA MainWS-ReadThread] WARN  n.d.j.i.requests.WebSocketClient - Got disconnected from WebSocket (Code 1000). Appending to reconnect queue
02:35:26.801 [ConcurrentSessionController-Worker-0] WARN  n.d.j.i.requests.WebSocketClient - Reconnect failed! Next attempt in 8s
02:35:35.174 [JDA MainWS-ReadThread] INFO  n.d.j.i.requests.WebSocketClient - Connected to WebSocket
02:35:35.560 [JDA MainWS-ReadThread] INFO  n.p.didnb.events.GuildReady - Registered commands in guild Umbreon's Loft(321377200660283393)
02:35:35.573 [JDA MainWS-ReadThread] INFO  n.p.didnb.events.GuildReady - Registered commands in guild 💢Blutrausch💢(974287878047793223)
02:35:35.581 [JDA MainWS-ReadThread] INFO  n.p.didnb.events.GuildReady - Registered commands in guild TRIFORCE(990136559879745596)
02:35:35.697 [JDA MainWS-ReadThread] INFO  n.p.didnb.events.GuildReady - Registered commands in guild nevar316's server(1027635770955149322)
02:35:35.701 [JDA MainWS-ReadThread] INFO  n.p.didnb.events.GuildReady - Registered commands in guild Umbreon's serverx(1061634554676383775)
02:35:35.710 [JDA MainWS-ReadThread] INFO  n.p.didnb.events.GuildReady - Registered commands in guild Valhalla(984186367070310400)
02:35:35.711 [JDA MainWS-ReadThread] INFO  net.dv8tion.jda.api.JDA - Finished (Re)Loading!
03:36:26.438 [JDA MainWS-ReadThread] WARN  n.d.j.i.requests.WebSocketClient - Got disconnected from WebSocket (Code 1000). Appending to reconnect queue
03:36:28.752 [JDA MainWS-WriteThread] INFO  n.d.j.i.requests.WebSocketClient - Connected to WebSocket
03:36:29.123 [JDA MainWS-ReadThread] INFO  n.p.didnb.events.GuildReady - Registered commands in guild nevar316's server(1027635770955149322)
03:36:29.132 [JDA MainWS-ReadThread] INFO  n.p.didnb.events.GuildReady - Registered commands in guild TRIFORCE(990136559879745596)
03:36:29.138 [JDA MainWS-ReadThread] INFO  n.p.didnb.events.GuildReady - Registered commands in guild Umbreon's Loft(321377200660283393)
03:36:29.144 [JDA MainWS-ReadThread] INFO  n.p.didnb.events.GuildReady - Registered commands in guild Valhalla(984186367070310400)
03:36:29.150 [JDA MainWS-ReadThread] INFO  n.p.didnb.events.GuildReady - Registered commands in guild 💢Blutrausch💢(974287878047793223)
03:36:29.237 [JDA MainWS-ReadThread] INFO  n.p.didnb.events.GuildReady - Registered commands in guild Umbreon's serverx(1061634554676383775)
03:36:29.242 [JDA MainWS-ReadThread] INFO  net.dv8tion.jda.api.JDA - Finished (Re)Loading!
04:36:48.662 [JDA MainWS-ReadThread] WARN  n.d.j.i.requests.WebSocketClient - Reconnect failed! Next attempt in 2s
04:36:51.194 [JDA MainWS-ReadThread] WARN  n.d.j.i.requests.WebSocketClient - Got disconnected from WebSocket (Code 1000). Appending to reconnect queue
05:36:55.534 [ConcurrentSessionController-Worker-0] WARN  n.d.j.i.requests.WebSocketClient - Reconnect failed! Next attempt in 8s
05:37:03.811 [JDA MainWS-ReadThread] INFO  n.d.j.i.requests.WebSocketClient - Connected to WebSocket
05:37:04.096 [JDA MainWS-ReadThread] INFO  n.p.didnb.events.GuildReady - Registered commands in guild Umbreon's Loft(321377200660283393)
05:37:04.190 [JDA MainWS-ReadThread] INFO  n.p.didnb.events.GuildReady - Registered commands in guild 💢Blutrausch💢(974287878047793223)
05:37:04.200 [JDA MainWS-ReadThread] INFO  n.p.didnb.events.GuildReady - Registered commands in guild TRIFORCE(990136559879745596)
05:37:04.206 [JDA MainWS-ReadThread] INFO  n.p.didnb.events.GuildReady - Registered commands in guild Valhalla(984186367070310400)
05:37:04.208 [JDA MainWS-ReadThread] INFO  n.p.didnb.events.GuildReady - Registered commands in guild nevar316's server(1027635770955149322)
05:37:04.211 [JDA MainWS-ReadThread] INFO  n.p.didnb.events.GuildReady - Registered commands in guild Umbreon's serverx(1061634554676383775)
05:37:04.213 [JDA MainWS-ReadThread] INFO  net.dv8tion.jda.api.JDA - Finished (Re)Loading!
06:35:09.468 [JDA MainWS-ReadThread] WARN  n.d.j.i.requests.WebSocketClient - Got disconnected from WebSocket (Code 1000). Appending to reconnect queue
06:35:11.901 [JDA MainWS-ReadThread] INFO  n.d.j.i.requests.WebSocketClient - Connected to WebSocket
06:35:12.239 [JDA MainWS-ReadThread] INFO  n.p.didnb.events.GuildReady - Registered commands in guild Umbreon's Loft(321377200660283393)
06:35:12.249 [JDA MainWS-ReadThread] INFO  n.p.didnb.events.GuildReady - Registered commands in guild 💢Blutrausch💢(974287878047793223)
06:35:12.254 [JDA MainWS-ReadThread] INFO  n.p.didnb.events.GuildReady - Registered commands in guild Valhalla(984186367070310400)
06:35:12.260 [JDA MainWS-ReadThread] INFO  n.p.didnb.events.GuildReady - Registered commands in guild TRIFORCE(990136559879745596)
06:35:12.262 [JDA MainWS-ReadThread] INFO  n.p.didnb.events.GuildReady - Registered commands in guild Umbreon's serverx(1061634554676383775)
06:35:12.265 [JDA MainWS-ReadThread] INFO  n.p.didnb.events.GuildReady - Registered commands in guild nevar316's server(1027635770955149322)
06:35:12.266 [JDA MainWS-ReadThread] INFO  net.dv8tion.jda.api.JDA - Finished (Re)Loading!
07:36:01.488 [JDA MainWS-ReadThread] WARN  n.d.j.i.requests.WebSocketClient - Got disconnected from WebSocket (Code 1000). Appending to reconnect queue
07:36:03.844 [JDA MainWS-WriteThread] INFO  n.d.j.i.requests.WebSocketClient - Connected to WebSocket
07:36:04.114 [JDA MainWS-ReadThread] INFO  n.p.didnb.events.GuildReady - Registered commands in guild Umbreon's Loft(321377200660283393)
07:36:04.121 [JDA MainWS-ReadThread] INFO  n.p.didnb.events.GuildReady - Registered commands in guild TRIFORCE(990136559879745596)
07:36:04.127 [JDA MainWS-ReadThread] INFO  n.p.didnb.events.GuildReady - Registered commands in guild 💢Blutrausch💢(974287878047793223)
07:36:04.141 [JDA MainWS-ReadThread] INFO  n.p.didnb.events.GuildReady - Registered commands in guild nevar316's server(1027635770955149322)
07:36:04.176 [JDA MainWS-ReadThread] INFO  n.p.didnb.events.GuildReady - Registered commands in guild Valhalla(984186367070310400)
07:36:04.192 [JDA MainWS-ReadThread] INFO  n.p.didnb.events.GuildReady - Registered commands in guild Umbreon's serverx(1061634554676383775)
07:36:04.197 [JDA MainWS-ReadThread] INFO  net.dv8tion.jda.api.JDA - Finished (Re)Loading!
07:50:27.119 [JDA MainWS-ReadThread] WARN  n.d.j.i.requests.WebSocketClient - Reconnect failed! Next attempt in 2s
07:50:29.695 [JDA MainWS-ReadThread] WARN  n.d.j.i.requests.WebSocketClient - Got disconnected from WebSocket (Code 1000). Appending to reconnect queue
07:50:33.750 [ConcurrentSessionController-Worker-0] WARN  n.d.j.i.requests.WebSocketClient - Reconnect failed! Next attempt in 8s
07:52:00.628 [ConcurrentSessionController-Worker-0] WARN  n.d.j.i.requests.WebSocketClient - Reconnect failed! Next attempt in 16s
08:26:02.380 [ConcurrentSessionController-Worker-0] WARN  n.d.j.i.requests.WebSocketClient - Reconnect failed! Next attempt in 32s
08:27:37.049 [ConcurrentSessionController-Worker-0] WARN  n.d.j.i.requests.WebSocketClient - Reconnect failed! Next attempt in 64s
08:30:28.307 [JDA MainWS-ReadThread] INFO  n.d.j.i.requests.WebSocketClient - Connected to WebSocket
08:30:28.678 [JDA MainWS-ReadThread] INFO  n.p.didnb.events.GuildReady - Registered commands in guild Umbreon's Loft(321377200660283393)
08:30:28.714 [JDA MainWS-ReadThread] INFO  n.p.didnb.events.GuildReady - Registered commands in guild 💢Blutrausch💢(974287878047793223)
08:30:28.716 [JDA MainWS-ReadThread] INFO  n.p.didnb.events.GuildReady - Registered commands in guild nevar316's server(1027635770955149322)
08:30:28.718 [JDA MainWS-ReadThread] INFO  n.p.didnb.events.GuildReady - Registered commands in guild Umbreon's serverx(1061634554676383775)
08:30:28.739 [JDA MainWS-ReadThread] INFO  n.p.didnb.events.GuildReady - Registered commands in guild TRIFORCE(990136559879745596)
08:30:28.748 [JDA MainWS-ReadThread] INFO  n.p.didnb.events.GuildReady - Registered commands in guild Valhalla(984186367070310400)
08:30:28.749 [JDA MainWS-ReadThread] INFO  net.dv8tion.jda.api.JDA - Finished (Re)Loading!
08:51:52.323 [main] INFO  n.purplegoose.didnb.utils.ConfigUtil - Loaded client.properties file.
08:51:52.653 [main] INFO  n.p.d.d.MySQLDatabaseConnection - Executing start up scripts...
08:51:52.653 [main] INFO  n.p.d.d.MySQLDatabaseConnection - Loading scripts for start up...
08:51:52.702 [main] INFO  n.p.d.d.MySQLDatabaseConnection - > Added 1-create-ancient-arena-times-table.sql to start up scripts.
08:51:52.704 [main] INFO  n.p.d.d.MySQLDatabaseConnection - > Added 1-create-ancient-nightmare-times-table.sql to start up scripts.
08:51:52.704 [main] INFO  n.p.d.d.MySQLDatabaseConnection - > Added 1-create-assembly-times-table.sql to start up scripts.
08:51:52.704 [main] INFO  n.p.d.d.MySQLDatabaseConnection - > Added 1-create-battleground-times-table.sql to start up scripts.
08:51:52.704 [main] INFO  n.p.d.d.MySQLDatabaseConnection - > Added 1-create-channel-table-if-not-exists.sql to start up scripts.
08:51:52.704 [main] INFO  n.p.d.d.MySQLDatabaseConnection - > Added 1-create-custom-messages-table-if-not-exists.sql to start up scripts.
08:51:52.704 [main] INFO  n.p.d.d.MySQLDatabaseConnection - > Added 1-create-demon-gates-times-table.sql to start up scripts.
08:51:52.704 [main] INFO  n.p.d.d.MySQLDatabaseConnection - > Added 1-create-guilds-table-if-not-exists.sql to start up scripts.
08:51:52.705 [main] INFO  n.p.d.d.MySQLDatabaseConnection - > Added 1-create-haunted-carriage-times-table.sql to start up scripts.
08:51:52.705 [main] INFO  n.p.d.d.MySQLDatabaseConnection - > Added 1-create-onslaught-times-table.sql to start up scripts.
08:51:52.705 [main] INFO  n.p.d.d.MySQLDatabaseConnection - > Added 1-create-shadow-lottery-times-table.sql to start up scripts.
08:51:52.705 [main] INFO  n.p.d.d.MySQLDatabaseConnection - > Added 1-create-shadow-war-times-table.sql to start up scripts.
08:51:52.705 [main] INFO  n.p.d.d.MySQLDatabaseConnection - > Added 1-create-tower-of-victory-times-table.sql to start up scripts.
08:51:52.705 [main] INFO  n.p.d.d.MySQLDatabaseConnection - > Added 1-create-vault-times-table.sql to start up scripts.
08:51:52.705 [main] INFO  n.p.d.d.MySQLDatabaseConnection - > Added 1-create-wrathborne-invasion-times-table.sql to start up scripts.
08:51:52.706 [main] INFO  n.p.d.d.MySQLDatabaseConnection - > Added ancient-arena-times-1.sql to start up scripts.
08:51:52.706 [main] INFO  n.p.d.d.MySQLDatabaseConnection - > Added ancient-arena-times-2.sql to start up scripts.
08:51:52.706 [main] INFO  n.p.d.d.MySQLDatabaseConnection - > Added ancient-arena-times-3.sql to start up scripts.
08:51:52.706 [main] INFO  n.p.d.d.MySQLDatabaseConnection - > Added ancient-arena-times-4.sql to start up scripts.
08:51:52.706 [main] INFO  n.p.d.d.MySQLDatabaseConnection - > Added ancient-nightmare-times-1.sql to start up scripts.
08:51:52.706 [main] INFO  n.p.d.d.MySQLDatabaseConnection - > Added ancient-nightmare-times-2.sql to start up scripts.
08:51:52.706 [main] INFO  n.p.d.d.MySQLDatabaseConnection - > Added ancient-nightmare-times-3.sql to start up scripts.
08:51:52.706 [main] INFO  n.p.d.d.MySQLDatabaseConnection - > Added ancient-nightmare-times-4.sql to start up scripts.
08:51:52.706 [main] INFO  n.p.d.d.MySQLDatabaseConnection - > Added ancient-nightmare-times-5.sql to start up scripts.
08:51:52.706 [main] INFO  n.p.d.d.MySQLDatabaseConnection - > Added ancient-nightmare-times-6.sql to start up scripts.
08:51:52.706 [main] INFO  n.p.d.d.MySQLDatabaseConnection - > Added assembly-times-1.sql to start up scripts.
08:51:52.706 [main] INFO  n.p.d.d.MySQLDatabaseConnection - > Added assembly-times-2.sql to start up scripts.
08:51:52.706 [main] INFO  n.p.d.d.MySQLDatabaseConnection - > Added assembly-times-3.sql to start up scripts.
08:51:52.706 [main] INFO  n.p.d.d.MySQLDatabaseConnection - > Added assembly-times-4.sql to start up scripts.
08:51:52.707 [main] INFO  n.p.d.d.MySQLDatabaseConnection - > Added assembly-times-5.sql to start up scripts.
08:51:52.707 [main] INFO  n.p.d.d.MySQLDatabaseConnection - > Added assembly-times-6.sql to start up scripts.
08:51:52.707 [main] INFO  n.p.d.d.MySQLDatabaseConnection - > Added battleground-times-1.sql to start up scripts.
08:51:52.707 [main] INFO  n.p.d.d.MySQLDatabaseConnection - > Added battleground-times-2.sql to start up scripts.
08:51:52.707 [main] INFO  n.p.d.d.MySQLDatabaseConnection - > Added battleground-times-3.sql to start up scripts.
08:51:52.707 [main] INFO  n.p.d.d.MySQLDatabaseConnection - > Added battleground-times-4.sql to start up scripts.
08:51:52.707 [main] INFO  n.p.d.d.MySQLDatabaseConnection - > Added demon-gates-times-1.sql to start up scripts.
08:51:52.707 [main] INFO  n.p.d.d.MySQLDatabaseConnection - > Added demon-gates-times-2.sql to start up scripts.
08:51:52.707 [main] INFO  n.p.d.d.MySQLDatabaseConnection - > Added demon-gates-times-3.sql to start up scripts.
08:51:52.707 [main] INFO  n.p.d.d.MySQLDatabaseConnection - > Added demon-gates-times-4.sql to start up scripts.
08:51:52.707 [main] INFO  n.p.d.d.MySQLDatabaseConnection - > Added demon-gates-times-5.sql to start up scripts.
08:51:52.707 [main] INFO  n.p.d.d.MySQLDatabaseConnection - > Added demon-gates-times-6.sql to start up scripts.
08:51:52.707 [main] INFO  n.p.d.d.MySQLDatabaseConnection - > Added demon-gates-times-7.sql to start up scripts.
08:51:52.708 [main] INFO  n.p.d.d.MySQLDatabaseConnection - > Added demon-gates-times-8.sql to start up scripts.
08:51:52.708 [main] INFO  n.p.d.d.MySQLDatabaseConnection - > Added demon-gates-times-9.sql to start up scripts.
08:51:52.708 [main] INFO  n.p.d.d.MySQLDatabaseConnection - > Added haunted-carriage-times-1.sql to start up scripts.
08:51:52.708 [main] INFO  n.p.d.d.MySQLDatabaseConnection - > Added haunted-carriage-times-2.sql to start up scripts.
08:51:52.708 [main] INFO  n.p.d.d.MySQLDatabaseConnection - > Added haunted-carriage-times-3.sql to start up scripts.
08:51:52.708 [main] INFO  n.p.d.d.MySQLDatabaseConnection - > Added haunted-carriage-times-4.sql to start up scripts.
08:51:52.708 [main] INFO  n.p.d.d.MySQLDatabaseConnection - > Added haunted-carriage-times-5.sql to start up scripts.
08:51:52.708 [main] INFO  n.p.d.d.MySQLDatabaseConnection - > Added haunted-carriage-times-6.sql to start up scripts.
08:51:52.708 [main] INFO  n.p.d.d.MySQLDatabaseConnection - > Added onslaught-times-1.sql to start up scripts.
08:51:52.708 [main] INFO  n.p.d.d.MySQLDatabaseConnection - > Added onslaught-times-2.sql to start up scripts.
08:51:52.708 [main] INFO  n.p.d.d.MySQLDatabaseConnection - > Added onslaught-times-3.sql to start up scripts.
08:51:52.708 [main] INFO  n.p.d.d.MySQLDatabaseConnection - > Added shadow-lottery-times-1.sql to start up scripts.
08:51:52.709 [main] INFO  n.p.d.d.MySQLDatabaseConnection - > Added shadow-lottery-times-2.sql to start up scripts.
08:51:52.709 [main] INFO  n.p.d.d.MySQLDatabaseConnection - > Added shadow-lottery-times-3.sql to start up scripts.
08:51:52.709 [main] INFO  n.p.d.d.MySQLDatabaseConnection - > Added shadow-war-times.sql to start up scripts.
08:51:52.709 [main] INFO  n.p.d.d.MySQLDatabaseConnection - > Added tower-of-victory-times.sql to start up scripts.
08:51:52.709 [main] INFO  n.p.d.d.MySQLDatabaseConnection - > Added vault-times-1.sql to start up scripts.
08:51:52.709 [main] INFO  n.p.d.d.MySQLDatabaseConnection - > Added vault-times-2.sql to start up scripts.
08:51:52.709 [main] INFO  n.p.d.d.MySQLDatabaseConnection - > Added wrathborne-invasion-times-1.sql to start up scripts.
08:51:52.710 [main] INFO  n.p.d.d.MySQLDatabaseConnection - > Added wrathborne-invasion-times-2.sql to start up scripts.
08:51:52.710 [main] INFO  n.p.d.d.MySQLDatabaseConnection - Loaded 62 start up scripts!
08:51:52.747 [main] INFO  n.p.d.d.MySQLDatabaseConnection - > executed 1-create-ancient-arena-times-table.sql.
08:51:52.751 [main] INFO  n.p.d.d.MySQLDatabaseConnection - > executed 1-create-ancient-nightmare-times-table.sql.
08:51:52.752 [main] INFO  n.p.d.d.MySQLDatabaseConnection - > executed 1-create-assembly-times-table.sql.
08:51:52.755 [main] INFO  n.p.d.d.MySQLDatabaseConnection - > executed 1-create-battleground-times-table.sql.
08:51:52.759 [main] INFO  n.p.d.d.MySQLDatabaseConnection - > executed 1-create-channel-table-if-not-exists.sql.
08:51:52.762 [main] INFO  n.p.d.d.MySQLDatabaseConnection - > executed 1-create-custom-messages-table-if-not-exists.sql.
08:51:52.766 [main] INFO  n.p.d.d.MySQLDatabaseConnection - > executed 1-create-demon-gates-times-table.sql.
08:51:52.767 [main] INFO  n.p.d.d.MySQLDatabaseConnection - > executed 1-create-guilds-table-if-not-exists.sql.
08:51:52.769 [main] INFO  n.p.d.d.MySQLDatabaseConnection - > executed 1-create-haunted-carriage-times-table.sql.
08:51:52.772 [main] INFO  n.p.d.d.MySQLDatabaseConnection - > executed 1-create-onslaught-times-table.sql.
08:51:52.774 [main] INFO  n.p.d.d.MySQLDatabaseConnection - > executed 1-create-shadow-lottery-times-table.sql.
08:51:52.775 [main] INFO  n.p.d.d.MySQLDatabaseConnection - > executed 1-create-shadow-war-times-table.sql.
08:51:52.779 [main] INFO  n.p.d.d.MySQLDatabaseConnection - > executed 1-create-tower-of-victory-times-table.sql.
08:51:52.781 [main] INFO  n.p.d.d.MySQLDatabaseConnection - > executed 1-create-vault-times-table.sql.
08:51:52.782 [main] INFO  n.p.d.d.MySQLDatabaseConnection - > executed 1-create-wrathborne-invasion-times-table.sql.
08:51:52.808 [main] INFO  n.p.d.d.MySQLDatabaseConnection - > executed ancient-arena-times-1.sql.
08:51:52.809 [main] INFO  n.p.d.d.MySQLDatabaseConnection - > executed ancient-arena-times-2.sql.
08:51:52.811 [main] INFO  n.p.d.d.MySQLDatabaseConnection - > executed ancient-arena-times-3.sql.
08:51:52.812 [main] INFO  n.p.d.d.MySQLDatabaseConnection - > executed ancient-arena-times-4.sql.
08:51:52.815 [main] INFO  n.p.d.d.MySQLDatabaseConnection - > executed ancient-nightmare-times-1.sql.
08:51:52.816 [main] INFO  n.p.d.d.MySQLDatabaseConnection - > executed ancient-nightmare-times-2.sql.
08:51:52.819 [main] INFO  n.p.d.d.MySQLDatabaseConnection - > executed ancient-nightmare-times-3.sql.
08:51:52.821 [main] INFO  n.p.d.d.MySQLDatabaseConnection - > executed ancient-nightmare-times-4.sql.
08:51:52.822 [main] INFO  n.p.d.d.MySQLDatabaseConnection - > executed ancient-nightmare-times-5.sql.
08:51:52.824 [main] INFO  n.p.d.d.MySQLDatabaseConnection - > executed ancient-nightmare-times-6.sql.
08:51:52.826 [main] INFO  n.p.d.d.MySQLDatabaseConnection - > executed assembly-times-1.sql.
08:51:52.830 [main] INFO  n.p.d.d.MySQLDatabaseConnection - > executed assembly-times-2.sql.
08:51:52.831 [main] INFO  n.p.d.d.MySQLDatabaseConnection - > executed assembly-times-3.sql.
08:51:52.833 [main] INFO  n.p.d.d.MySQLDatabaseConnection - > executed assembly-times-4.sql.
08:51:52.834 [main] INFO  n.p.d.d.MySQLDatabaseConnection - > executed assembly-times-5.sql.
08:51:52.835 [main] INFO  n.p.d.d.MySQLDatabaseConnection - > executed assembly-times-6.sql.
08:51:52.836 [main] INFO  n.p.d.d.MySQLDatabaseConnection - > executed battleground-times-1.sql.
08:51:52.837 [main] INFO  n.p.d.d.MySQLDatabaseConnection - > executed battleground-times-2.sql.
08:51:52.838 [main] INFO  n.p.d.d.MySQLDatabaseConnection - > executed battleground-times-3.sql.
08:51:52.839 [main] INFO  n.p.d.d.MySQLDatabaseConnection - > executed battleground-times-4.sql.
08:51:52.840 [main] INFO  n.p.d.d.MySQLDatabaseConnection - > executed demon-gates-times-1.sql.
08:51:52.841 [main] INFO  n.p.d.d.MySQLDatabaseConnection - > executed demon-gates-times-2.sql.
08:51:52.843 [main] INFO  n.p.d.d.MySQLDatabaseConnection - > executed demon-gates-times-3.sql.
08:51:52.844 [main] INFO  n.p.d.d.MySQLDatabaseConnection - > executed demon-gates-times-4.sql.
08:51:52.845 [main] INFO  n.p.d.d.MySQLDatabaseConnection - > executed demon-gates-times-5.sql.
08:51:52.847 [main] INFO  n.p.d.d.MySQLDatabaseConnection - > executed demon-gates-times-6.sql.
08:51:52.848 [main] INFO  n.p.d.d.MySQLDatabaseConnection - > executed demon-gates-times-7.sql.
08:51:52.850 [main] INFO  n.p.d.d.MySQLDatabaseConnection - > executed demon-gates-times-8.sql.
08:51:52.851 [main] INFO  n.p.d.d.MySQLDatabaseConnection - > executed demon-gates-times-9.sql.
08:51:52.852 [main] INFO  n.p.d.d.MySQLDatabaseConnection - > executed haunted-carriage-times-1.sql.
08:51:52.854 [main] INFO  n.p.d.d.MySQLDatabaseConnection - > executed haunted-carriage-times-2.sql.
08:51:52.855 [main] INFO  n.p.d.d.MySQLDatabaseConnection - > executed haunted-carriage-times-3.sql.
08:51:52.856 [main] INFO  n.p.d.d.MySQLDatabaseConnection - > executed haunted-carriage-times-4.sql.
08:51:52.857 [main] INFO  n.p.d.d.MySQLDatabaseConnection - > executed haunted-carriage-times-5.sql.
08:51:52.858 [main] INFO  n.p.d.d.MySQLDatabaseConnection - > executed haunted-carriage-times-6.sql.
08:51:52.860 [main] INFO  n.p.d.d.MySQLDatabaseConnection - > executed onslaught-times-1.sql.
08:51:52.861 [main] INFO  n.p.d.d.MySQLDatabaseConnection - > executed onslaught-times-2.sql.
08:51:52.862 [main] INFO  n.p.d.d.MySQLDatabaseConnection - > executed onslaught-times-3.sql.
08:51:52.865 [main] INFO  n.p.d.d.MySQLDatabaseConnection - > executed shadow-lottery-times-1.sql.
08:51:52.866 [main] INFO  n.p.d.d.MySQLDatabaseConnection - > executed shadow-lottery-times-2.sql.
08:51:52.868 [main] INFO  n.p.d.d.MySQLDatabaseConnection - > executed shadow-lottery-times-3.sql.
08:51:52.870 [main] INFO  n.p.d.d.MySQLDatabaseConnection - > executed shadow-war-times.sql.
08:51:52.872 [main] INFO  n.p.d.d.MySQLDatabaseConnection - > executed tower-of-victory-times.sql.
08:51:52.874 [main] INFO  n.p.d.d.MySQLDatabaseConnection - > executed vault-times-1.sql.
08:51:52.875 [main] INFO  n.p.d.d.MySQLDatabaseConnection - > executed vault-times-2.sql.
08:51:52.877 [main] INFO  n.p.d.d.MySQLDatabaseConnection - > executed wrathborne-invasion-times-1.sql.
08:51:52.878 [main] INFO  n.p.d.d.MySQLDatabaseConnection - > executed wrathborne-invasion-times-2.sql.
08:51:52.879 [main] INFO  n.p.d.d.MySQLDatabaseConnection - Done executing start up scripts!
08:51:53.070 [main] INFO  n.p.didnb.utils.CommandsUtil - Loaded command.properties file.
08:51:54.318 [main] INFO  net.dv8tion.jda.api.JDA - Login Successful!
08:51:54.809 [JDA MainWS-WriteThread] INFO  n.d.j.i.requests.WebSocketClient - Connected to WebSocket
08:51:55.138 [JDA MainWS-ReadThread] INFO  n.p.didnb.events.GuildReady - Registered commands in guild Umbreon's Loft(321377200660283393)
08:51:55.170 [JDA MainWS-ReadThread] INFO  n.p.didnb.events.GuildReady - Registered commands in guild 💢Blutrausch💢(974287878047793223)
08:51:55.177 [JDA MainWS-ReadThread] INFO  n.p.didnb.events.GuildReady - Registered commands in guild Valhalla(984186367070310400)
08:51:55.181 [JDA MainWS-ReadThread] INFO  n.p.didnb.events.GuildReady - Registered commands in guild nevar316's server(1027635770955149322)
08:51:55.190 [JDA MainWS-ReadThread] INFO  n.p.didnb.events.GuildReady - Registered commands in guild TRIFORCE(990136559879745596)
08:51:55.193 [JDA MainWS-ReadThread] INFO  n.p.didnb.events.GuildReady - Registered commands in guild Umbreon's serverx(1061634554676383775)
08:51:55.196 [JDA MainWS-ReadThread] INFO  net.dv8tion.jda.api.JDA - Finished Loading!
08:53:16.592 [JDA MainWS-ReadThread] INFO  n.p.didnb.database.DatabaseRequests - Created Custom Notification for guild 1061634554676383775
08:53:16.594 [JDA MainWS-ReadThread] INFO  n.p.d.c.c.CreateMessageCommand - Umbreon#0001 used /createmessage. ID: nfZ8 Guild: Umbreon's serverx(1061634554676383775). Channel: general(1061634555716583486)
08:53:16.722 [JDA MainWS-ReadThread] ERROR net.dv8tion.jda.api.JDA - One of the EventListeners had an uncaught exception
java.lang.UnsupportedClassVersionError: net/purplegoose/didnb/data/CustomNotification has been compiled by a more recent version of the Java Runtime (class file version 61.0), this version of the Java Runtime only recognizes class file versions up to 55.0
	at java.base/java.lang.ClassLoader.defineClass1(Native Method)
	at java.base/java.lang.ClassLoader.defineClass(ClassLoader.java:1016)
	at java.base/java.security.SecureClassLoader.defineClass(SecureClassLoader.java:174)
	at java.base/jdk.internal.loader.BuiltinClassLoader.defineClass(BuiltinClassLoader.java:802)
	at java.base/jdk.internal.loader.BuiltinClassLoader.findClassOnClassPathOrNull(BuiltinClassLoader.java:700)
	at java.base/jdk.internal.loader.BuiltinClassLoader.loadClassOrNull(BuiltinClassLoader.java:623)
	at java.base/jdk.internal.loader.BuiltinClassLoader.loadClass(BuiltinClassLoader.java:581)
	at java.base/jdk.internal.loader.ClassLoaders$AppClassLoader.loadClass(ClassLoaders.java:178)
	at java.base/java.lang.ClassLoader.loadClass(ClassLoader.java:521)
	at net.purplegoose.didnb.commands.custom_notifications.CreateMessageCommand.runCommand(CreateMessageCommand.java:75)
	at net.purplegoose.didnb.events.SlashCommandInteraction.executeCommand(SlashCommandInteraction.java:148)
	at net.purplegoose.didnb.events.SlashCommandInteraction.onSlashCommandInteraction(SlashCommandInteraction.java:135)
	at net.dv8tion.jda.api.hooks.ListenerAdapter.onEvent(ListenerAdapter.java:424)
	at net.dv8tion.jda.api.hooks.InterfacedEventManager.handle(InterfacedEventManager.java:96)
	at net.dv8tion.jda.internal.hooks.EventManagerProxy.handleInternally(EventManagerProxy.java:88)
	at net.dv8tion.jda.internal.hooks.EventManagerProxy.handle(EventManagerProxy.java:70)
	at net.dv8tion.jda.internal.JDAImpl.handleEvent(JDAImpl.java:173)
	at net.dv8tion.jda.internal.handle.InteractionCreateHandler.handleCommand(InteractionCreateHandler.java:112)
	at net.dv8tion.jda.internal.handle.InteractionCreateHandler.handleInternally(InteractionCreateHandler.java:83)
	at net.dv8tion.jda.internal.handle.SocketHandler.handle(SocketHandler.java:39)
	at net.dv8tion.jda.internal.requests.WebSocketClient.onDispatch(WebSocketClient.java:965)
	at net.dv8tion.jda.internal.requests.WebSocketClient.onEvent(WebSocketClient.java:851)
	at net.dv8tion.jda.internal.requests.WebSocketClient.handleEvent(WebSocketClient.java:829)
	at net.dv8tion.jda.internal.requests.WebSocketClient.onBinaryMessage(WebSocketClient.java:1004)
	at com.neovisionaries.ws.client.ListenerManager.callOnBinaryMessage(ListenerManager.java:385)
	at com.neovisionaries.ws.client.ReadingThread.callOnBinaryMessage(ReadingThread.java:276)
	at com.neovisionaries.ws.client.ReadingThread.handleBinaryFrame(ReadingThread.java:996)
	at com.neovisionaries.ws.client.ReadingThread.handleFrame(ReadingThread.java:755)
	at com.neovisionaries.ws.client.ReadingThread.main(ReadingThread.java:108)
	at com.neovisionaries.ws.client.ReadingThread.runMain(ReadingThread.java:64)
	at com.neovisionaries.ws.client.WebSocketThread.run(WebSocketThread.java:45)
08:53:17.113 [ForkJoinPool.commonPool-worker-7] ERROR n.d.jda.api.requests.RestAction - RestAction queue returned failure: [ErrorResponseException] 40060: Interaction has already been acknowledged.
net.dv8tion.jda.api.exceptions.ContextException: null
	at net.dv8tion.jda.api.exceptions.ContextException.here(ContextException.java:54)
	at net.dv8tion.jda.api.requests.Request.<init>(Request.java:73)
	at net.dv8tion.jda.internal.requests.RestActionImpl.queue(RestActionImpl.java:200)
	at net.dv8tion.jda.internal.requests.restaction.interactions.InteractionCallbackImpl.queue(InteractionCallbackImpl.java:74)
	at net.dv8tion.jda.api.requests.RestAction.queue(RestAction.java:572)
	at net.dv8tion.jda.api.requests.RestAction.queue(RestAction.java:538)
	at net.purplegoose.didnb.events.SlashCommandInteraction.onSlashCommandInteraction(SlashCommandInteraction.java:134)
	at net.dv8tion.jda.api.hooks.ListenerAdapter.onEvent(ListenerAdapter.java:424)
	at net.dv8tion.jda.api.hooks.InterfacedEventManager.handle(InterfacedEventManager.java:96)
	at net.dv8tion.jda.internal.hooks.EventManagerProxy.handleInternally(EventManagerProxy.java:88)
	at net.dv8tion.jda.internal.hooks.EventManagerProxy.handle(EventManagerProxy.java:70)
	at net.dv8tion.jda.internal.JDAImpl.handleEvent(JDAImpl.java:173)
	at net.dv8tion.jda.internal.handle.InteractionCreateHandler.handleCommand(InteractionCreateHandler.java:112)
	at net.dv8tion.jda.internal.handle.InteractionCreateHandler.handleInternally(InteractionCreateHandler.java:83)
	at net.dv8tion.jda.internal.handle.SocketHandler.handle(SocketHandler.java:39)
	at net.dv8tion.jda.internal.requests.WebSocketClient.onDispatch(WebSocketClient.java:965)
	at net.dv8tion.jda.internal.requests.WebSocketClient.onEvent(WebSocketClient.java:851)
	at net.dv8tion.jda.internal.requests.WebSocketClient.handleEvent(WebSocketClient.java:829)
	at net.dv8tion.jda.internal.requests.WebSocketClient.onBinaryMessage(WebSocketClient.java:1004)
	at com.neovisionaries.ws.client.ListenerManager.callOnBinaryMessage(ListenerManager.java:385)
	at com.neovisionaries.ws.client.ReadingThread.callOnBinaryMessage(ReadingThread.java:276)
	at com.neovisionaries.ws.client.ReadingThread.handleBinaryFrame(ReadingThread.java:996)
	at com.neovisionaries.ws.client.ReadingThread.handleFrame(ReadingThread.java:755)
	at com.neovisionaries.ws.client.ReadingThread.main(ReadingThread.java:108)
	at com.neovisionaries.ws.client.ReadingThread.runMain(ReadingThread.java:64)
	at com.neovisionaries.ws.client.WebSocketThread.run(WebSocketThread.java:45)
09:00:08.256 [JDA MainWS-ReadThread] INFO  n.p.d.commands.server.ConfigCommand - Umbreon#0001 used /config. Guild: Umbreon's serverx(1061634554676383775). Channel: general(1061634555716583486)
09:00:08.259 [JDA MainWS-ReadThread] INFO  n.p.d.commands.server.ConfigCommand - Umbreon#0001 used /config. Guild: Umbreon's serverx(1061634554676383775). Channel: general(1061634555716583486)
09:00:08.835 [ForkJoinPool.commonPool-worker-7] ERROR n.d.jda.api.requests.RestAction - RestAction queue returned failure: [ErrorResponseException] 40060: Interaction has already been acknowledged.
net.dv8tion.jda.api.exceptions.ContextException: null
	at net.dv8tion.jda.api.exceptions.ContextException.here(ContextException.java:54)
	at net.dv8tion.jda.api.requests.Request.<init>(Request.java:73)
	at net.dv8tion.jda.internal.requests.RestActionImpl.queue(RestActionImpl.java:200)
	at net.dv8tion.jda.internal.requests.restaction.interactions.InteractionCallbackImpl.queue(InteractionCallbackImpl.java:74)
	at net.dv8tion.jda.api.requests.RestAction.queue(RestAction.java:572)
	at net.dv8tion.jda.api.requests.RestAction.queue(RestAction.java:538)
	at net.purplegoose.didnb.events.SlashCommandInteraction.onSlashCommandInteraction(SlashCommandInteraction.java:134)
	at net.dv8tion.jda.api.hooks.ListenerAdapter.onEvent(ListenerAdapter.java:424)
	at net.dv8tion.jda.api.hooks.InterfacedEventManager.handle(InterfacedEventManager.java:96)
	at net.dv8tion.jda.internal.hooks.EventManagerProxy.handleInternally(EventManagerProxy.java:88)
	at net.dv8tion.jda.internal.hooks.EventManagerProxy.handle(EventManagerProxy.java:70)
	at net.dv8tion.jda.internal.JDAImpl.handleEvent(JDAImpl.java:173)
	at net.dv8tion.jda.internal.handle.InteractionCreateHandler.handleCommand(InteractionCreateHandler.java:112)
	at net.dv8tion.jda.internal.handle.InteractionCreateHandler.handleInternally(InteractionCreateHandler.java:83)
	at net.dv8tion.jda.internal.handle.SocketHandler.handle(SocketHandler.java:39)
	at net.dv8tion.jda.internal.requests.WebSocketClient.onDispatch(WebSocketClient.java:965)
	at net.dv8tion.jda.internal.requests.WebSocketClient.onEvent(WebSocketClient.java:851)
	at net.dv8tion.jda.internal.requests.WebSocketClient.handleEvent(WebSocketClient.java:829)
	at net.dv8tion.jda.internal.requests.WebSocketClient.onBinaryMessage(WebSocketClient.java:1004)
	at com.neovisionaries.ws.client.ListenerManager.callOnBinaryMessage(ListenerManager.java:385)
	at com.neovisionaries.ws.client.ReadingThread.callOnBinaryMessage(ReadingThread.java:276)
	at com.neovisionaries.ws.client.ReadingThread.handleBinaryFrame(ReadingThread.java:996)
	at com.neovisionaries.ws.client.ReadingThread.handleFrame(ReadingThread.java:755)
	at com.neovisionaries.ws.client.ReadingThread.main(ReadingThread.java:108)
	at com.neovisionaries.ws.client.ReadingThread.runMain(ReadingThread.java:64)
	at com.neovisionaries.ws.client.WebSocketThread.run(WebSocketThread.java:45)
09:00:22.054 [JDA MainWS-ReadThread] ERROR n.p.didnb.database.DatabaseRequests - Unknown column 'auto_delete_enabled' in 'field list'
java.sql.SQLSyntaxErrorException: Unknown column 'auto_delete_enabled' in 'field list'
	at com.mysql.cj.jdbc.exceptions.SQLError.createSQLException(SQLError.java:120)
	at com.mysql.cj.jdbc.exceptions.SQLExceptionsMapping.translateException(SQLExceptionsMapping.java:122)
	at com.mysql.cj.jdbc.ClientPreparedStatement.executeInternal(ClientPreparedStatement.java:916)
	at com.mysql.cj.jdbc.ClientPreparedStatement.executeUpdateInternal(ClientPreparedStatement.java:1061)
	at com.mysql.cj.jdbc.ClientPreparedStatement.executeUpdateInternal(ClientPreparedStatement.java:1009)
	at com.mysql.cj.jdbc.ClientPreparedStatement.executeLargeUpdate(ClientPreparedStatement.java:1320)
	at com.mysql.cj.jdbc.ClientPreparedStatement.executeUpdate(ClientPreparedStatement.java:994)
	at net.purplegoose.didnb.database.DatabaseRequests.updateGuild(DatabaseRequests.java:193)
	at net.purplegoose.didnb.commands.server.TimeZoneCommand.updateTimeZone(TimeZoneCommand.java:70)
	at net.purplegoose.didnb.commands.server.TimeZoneCommand.runCommand(TimeZoneCommand.java:59)
	at net.purplegoose.didnb.events.SlashCommandInteraction.executeCommand(SlashCommandInteraction.java:187)
	at net.purplegoose.didnb.events.SlashCommandInteraction.onSlashCommandInteraction(SlashCommandInteraction.java:135)
	at net.dv8tion.jda.api.hooks.ListenerAdapter.onEvent(ListenerAdapter.java:424)
	at net.dv8tion.jda.api.hooks.InterfacedEventManager.handle(InterfacedEventManager.java:96)
	at net.dv8tion.jda.internal.hooks.EventManagerProxy.handleInternally(EventManagerProxy.java:88)
	at net.dv8tion.jda.internal.hooks.EventManagerProxy.handle(EventManagerProxy.java:70)
	at net.dv8tion.jda.internal.JDAImpl.handleEvent(JDAImpl.java:173)
	at net.dv8tion.jda.internal.handle.InteractionCreateHandler.handleCommand(InteractionCreateHandler.java:112)
	at net.dv8tion.jda.internal.handle.InteractionCreateHandler.handleInternally(InteractionCreateHandler.java:83)
	at net.dv8tion.jda.internal.handle.SocketHandler.handle(SocketHandler.java:39)
	at net.dv8tion.jda.internal.requests.WebSocketClient.onDispatch(WebSocketClient.java:965)
	at net.dv8tion.jda.internal.requests.WebSocketClient.onEvent(WebSocketClient.java:851)
	at net.dv8tion.jda.internal.requests.WebSocketClient.handleEvent(WebSocketClient.java:829)
	at net.dv8tion.jda.internal.requests.WebSocketClient.onBinaryMessage(WebSocketClient.java:1004)
	at com.neovisionaries.ws.client.ListenerManager.callOnBinaryMessage(ListenerManager.java:385)
	at com.neovisionaries.ws.client.ReadingThread.callOnBinaryMessage(ReadingThread.java:276)
	at com.neovisionaries.ws.client.ReadingThread.handleBinaryFrame(ReadingThread.java:996)
	at com.neovisionaries.ws.client.ReadingThread.handleFrame(ReadingThread.java:755)
	at com.neovisionaries.ws.client.ReadingThread.main(ReadingThread.java:108)
	at com.neovisionaries.ws.client.ReadingThread.runMain(ReadingThread.java:64)
	at com.neovisionaries.ws.client.WebSocketThread.run(WebSocketThread.java:45)
09:00:22.064 [JDA MainWS-ReadThread] INFO  n.p.d.c.server.TimeZoneCommand - Umbreon#0001 used /timezone. Old timezone: GMT. New timezone GMT+2. Guild: Umbreon's serverx(1061634554676383775). Channel: general(1061634555716583486)
09:00:22.227 [JDA MainWS-ReadThread] ERROR n.p.didnb.database.DatabaseRequests - Unknown column 'auto_delete_enabled' in 'field list'
java.sql.SQLSyntaxErrorException: Unknown column 'auto_delete_enabled' in 'field list'
	at com.mysql.cj.jdbc.exceptions.SQLError.createSQLException(SQLError.java:120)
	at com.mysql.cj.jdbc.exceptions.SQLExceptionsMapping.translateException(SQLExceptionsMapping.java:122)
	at com.mysql.cj.jdbc.ClientPreparedStatement.executeInternal(ClientPreparedStatement.java:916)
	at com.mysql.cj.jdbc.ClientPreparedStatement.executeUpdateInternal(ClientPreparedStatement.java:1061)
	at com.mysql.cj.jdbc.ClientPreparedStatement.executeUpdateInternal(ClientPreparedStatement.java:1009)
	at com.mysql.cj.jdbc.ClientPreparedStatement.executeLargeUpdate(ClientPreparedStatement.java:1320)
	at com.mysql.cj.jdbc.ClientPreparedStatement.executeUpdate(ClientPreparedStatement.java:994)
	at net.purplegoose.didnb.database.DatabaseRequests.updateGuild(DatabaseRequests.java:193)
	at net.purplegoose.didnb.commands.server.TimeZoneCommand.updateTimeZone(TimeZoneCommand.java:70)
	at net.purplegoose.didnb.commands.server.TimeZoneCommand.runCommand(TimeZoneCommand.java:59)
	at net.purplegoose.didnb.events.SlashCommandInteraction.executeCommand(SlashCommandInteraction.java:187)
	at net.purplegoose.didnb.events.SlashCommandInteraction.onSlashCommandInteraction(SlashCommandInteraction.java:135)
	at net.dv8tion.jda.api.hooks.ListenerAdapter.onEvent(ListenerAdapter.java:424)
	at net.dv8tion.jda.api.hooks.InterfacedEventManager.handle(InterfacedEventManager.java:96)
	at net.dv8tion.jda.internal.hooks.EventManagerProxy.handleInternally(EventManagerProxy.java:88)
	at net.dv8tion.jda.internal.hooks.EventManagerProxy.handle(EventManagerProxy.java:70)
	at net.dv8tion.jda.internal.JDAImpl.handleEvent(JDAImpl.java:173)
	at net.dv8tion.jda.internal.handle.InteractionCreateHandler.handleCommand(InteractionCreateHandler.java:112)
	at net.dv8tion.jda.internal.handle.InteractionCreateHandler.handleInternally(InteractionCreateHandler.java:83)
	at net.dv8tion.jda.internal.handle.SocketHandler.handle(SocketHandler.java:39)
	at net.dv8tion.jda.internal.requests.WebSocketClient.onDispatch(WebSocketClient.java:965)
	at net.dv8tion.jda.internal.requests.WebSocketClient.onEvent(WebSocketClient.java:851)
	at net.dv8tion.jda.internal.requests.WebSocketClient.handleEvent(WebSocketClient.java:829)
	at net.dv8tion.jda.internal.requests.WebSocketClient.onBinaryMessage(WebSocketClient.java:1004)
	at com.neovisionaries.ws.client.ListenerManager.callOnBinaryMessage(ListenerManager.java:385)
	at com.neovisionaries.ws.client.ReadingThread.callOnBinaryMessage(ReadingThread.java:276)
	at com.neovisionaries.ws.client.ReadingThread.handleBinaryFrame(ReadingThread.java:996)
	at com.neovisionaries.ws.client.ReadingThread.handleFrame(ReadingThread.java:755)
	at com.neovisionaries.ws.client.ReadingThread.main(ReadingThread.java:108)
	at com.neovisionaries.ws.client.ReadingThread.runMain(ReadingThread.java:64)
	at com.neovisionaries.ws.client.WebSocketThread.run(WebSocketThread.java:45)
09:00:22.229 [JDA MainWS-ReadThread] INFO  n.p.d.c.server.TimeZoneCommand - Umbreon#0001 used /timezone. Old timezone: GMT. New timezone GMT+2. Guild: Umbreon's serverx(1061634554676383775). Channel: general(1061634555716583486)
09:00:22.386 [ForkJoinPool.commonPool-worker-7] ERROR n.d.jda.api.requests.RestAction - RestAction queue returned failure: [ErrorResponseException] 10062: Unknown interaction
net.dv8tion.jda.api.exceptions.ContextException: null
	at net.dv8tion.jda.api.exceptions.ContextException.here(ContextException.java:54)
	at net.dv8tion.jda.api.requests.Request.<init>(Request.java:73)
	at net.dv8tion.jda.internal.requests.RestActionImpl.queue(RestActionImpl.java:200)
	at net.dv8tion.jda.internal.requests.restaction.interactions.InteractionCallbackImpl.queue(InteractionCallbackImpl.java:74)
	at net.dv8tion.jda.api.requests.RestAction.queue(RestAction.java:572)
	at net.dv8tion.jda.api.requests.RestAction.queue(RestAction.java:538)
	at net.purplegoose.didnb.events.SlashCommandInteraction.onSlashCommandInteraction(SlashCommandInteraction.java:134)
	at net.dv8tion.jda.api.hooks.ListenerAdapter.onEvent(ListenerAdapter.java:424)
	at net.dv8tion.jda.api.hooks.InterfacedEventManager.handle(InterfacedEventManager.java:96)
	at net.dv8tion.jda.internal.hooks.EventManagerProxy.handleInternally(EventManagerProxy.java:88)
	at net.dv8tion.jda.internal.hooks.EventManagerProxy.handle(EventManagerProxy.java:70)
	at net.dv8tion.jda.internal.JDAImpl.handleEvent(JDAImpl.java:173)
	at net.dv8tion.jda.internal.handle.InteractionCreateHandler.handleCommand(InteractionCreateHandler.java:112)
	at net.dv8tion.jda.internal.handle.InteractionCreateHandler.handleInternally(InteractionCreateHandler.java:83)
	at net.dv8tion.jda.internal.handle.SocketHandler.handle(SocketHandler.java:39)
	at net.dv8tion.jda.internal.requests.WebSocketClient.onDispatch(WebSocketClient.java:965)
	at net.dv8tion.jda.internal.requests.WebSocketClient.onEvent(WebSocketClient.java:851)
	at net.dv8tion.jda.internal.requests.WebSocketClient.handleEvent(WebSocketClient.java:829)
	at net.dv8tion.jda.internal.requests.WebSocketClient.onBinaryMessage(WebSocketClient.java:1004)
	at com.neovisionaries.ws.client.ListenerManager.callOnBinaryMessage(ListenerManager.java:385)
	at com.neovisionaries.ws.client.ReadingThread.callOnBinaryMessage(ReadingThread.java:276)
	at com.neovisionaries.ws.client.ReadingThread.handleBinaryFrame(ReadingThread.java:996)
	at com.neovisionaries.ws.client.ReadingThread.handleFrame(ReadingThread.java:755)
	at com.neovisionaries.ws.client.ReadingThread.main(ReadingThread.java:108)
	at com.neovisionaries.ws.client.ReadingThread.runMain(ReadingThread.java:64)
	at com.neovisionaries.ws.client.WebSocketThread.run(WebSocketThread.java:45)
09:00:31.941 [JDA MainWS-ReadThread] ERROR net.dv8tion.jda.api.JDA - One of the EventListeners had an uncaught exception
java.lang.UnsupportedClassVersionError: net/purplegoose/didnb/data/CustomNotification has been compiled by a more recent version of the Java Runtime (class file version 61.0), this version of the Java Runtime only recognizes class file versions up to 55.0
	at net.purplegoose.didnb.commands.custom_notifications.CreateMessageCommand.runCommand(CreateMessageCommand.java:75)
	at net.purplegoose.didnb.events.SlashCommandInteraction.executeCommand(SlashCommandInteraction.java:148)
	at net.purplegoose.didnb.events.SlashCommandInteraction.onSlashCommandInteraction(SlashCommandInteraction.java:135)
	at net.dv8tion.jda.api.hooks.ListenerAdapter.onEvent(ListenerAdapter.java:424)
	at net.dv8tion.jda.api.hooks.InterfacedEventManager.handle(InterfacedEventManager.java:96)
	at net.dv8tion.jda.internal.hooks.EventManagerProxy.handleInternally(EventManagerProxy.java:88)
	at net.dv8tion.jda.internal.hooks.EventManagerProxy.handle(EventManagerProxy.java:70)
	at net.dv8tion.jda.internal.JDAImpl.handleEvent(JDAImpl.java:173)
	at net.dv8tion.jda.internal.handle.InteractionCreateHandler.handleCommand(InteractionCreateHandler.java:112)
	at net.dv8tion.jda.internal.handle.InteractionCreateHandler.handleInternally(InteractionCreateHandler.java:83)
	at net.dv8tion.jda.internal.handle.SocketHandler.handle(SocketHandler.java:39)
	at net.dv8tion.jda.internal.requests.WebSocketClient.onDispatch(WebSocketClient.java:965)
	at net.dv8tion.jda.internal.requests.WebSocketClient.onEvent(WebSocketClient.java:851)
	at net.dv8tion.jda.internal.requests.WebSocketClient.handleEvent(WebSocketClient.java:829)
	at net.dv8tion.jda.internal.requests.WebSocketClient.onBinaryMessage(WebSocketClient.java:1004)
	at com.neovisionaries.ws.client.ListenerManager.callOnBinaryMessage(ListenerManager.java:385)
	at com.neovisionaries.ws.client.ReadingThread.callOnBinaryMessage(ReadingThread.java:276)
	at com.neovisionaries.ws.client.ReadingThread.handleBinaryFrame(ReadingThread.java:996)
	at com.neovisionaries.ws.client.ReadingThread.handleFrame(ReadingThread.java:755)
	at com.neovisionaries.ws.client.ReadingThread.main(ReadingThread.java:108)
	at com.neovisionaries.ws.client.ReadingThread.runMain(ReadingThread.java:64)
	at com.neovisionaries.ws.client.WebSocketThread.run(WebSocketThread.java:45)
09:00:31.950 [JDA MainWS-ReadThread] INFO  n.p.didnb.database.DatabaseRequests - Created Custom Notification for guild 1061634554676383775
09:00:31.951 [JDA MainWS-ReadThread] INFO  n.p.d.c.c.CreateMessageCommand - Umbreon#0001 used /createmessage. ID: KeH8 Guild: Umbreon's serverx(1061634554676383775). Channel: general(1061634555716583486)
09:00:32.175 [ForkJoinPool.commonPool-worker-7] ERROR n.d.jda.api.requests.RestAction - RestAction queue returned failure: [ErrorResponseException] 10062: Unknown interaction
net.dv8tion.jda.api.exceptions.ContextException: null
	at net.dv8tion.jda.api.exceptions.ContextException.here(ContextException.java:54)
	at net.dv8tion.jda.api.requests.Request.<init>(Request.java:73)
	at net.dv8tion.jda.internal.requests.RestActionImpl.queue(RestActionImpl.java:200)
	at net.dv8tion.jda.internal.requests.restaction.interactions.InteractionCallbackImpl.queue(InteractionCallbackImpl.java:74)
	at net.dv8tion.jda.api.requests.RestAction.queue(RestAction.java:572)
	at net.dv8tion.jda.api.requests.RestAction.queue(RestAction.java:538)
	at net.purplegoose.didnb.events.SlashCommandInteraction.onSlashCommandInteraction(SlashCommandInteraction.java:134)
	at net.dv8tion.jda.api.hooks.ListenerAdapter.onEvent(ListenerAdapter.java:424)
	at net.dv8tion.jda.api.hooks.InterfacedEventManager.handle(InterfacedEventManager.java:96)
	at net.dv8tion.jda.internal.hooks.EventManagerProxy.handleInternally(EventManagerProxy.java:88)
	at net.dv8tion.jda.internal.hooks.EventManagerProxy.handle(EventManagerProxy.java:70)
	at net.dv8tion.jda.internal.JDAImpl.handleEvent(JDAImpl.java:173)
	at net.dv8tion.jda.internal.handle.InteractionCreateHandler.handleCommand(InteractionCreateHandler.java:112)
	at net.dv8tion.jda.internal.handle.InteractionCreateHandler.handleInternally(InteractionCreateHandler.java:83)
	at net.dv8tion.jda.internal.handle.SocketHandler.handle(SocketHandler.java:39)
	at net.dv8tion.jda.internal.requests.WebSocketClient.onDispatch(WebSocketClient.java:965)
	at net.dv8tion.jda.internal.requests.WebSocketClient.onEvent(WebSocketClient.java:851)
	at net.dv8tion.jda.internal.requests.WebSocketClient.handleEvent(WebSocketClient.java:829)
	at net.dv8tion.jda.internal.requests.WebSocketClient.onBinaryMessage(WebSocketClient.java:1004)
	at com.neovisionaries.ws.client.ListenerManager.callOnBinaryMessage(ListenerManager.java:385)
	at com.neovisionaries.ws.client.ReadingThread.callOnBinaryMessage(ReadingThread.java:276)
	at com.neovisionaries.ws.client.ReadingThread.handleBinaryFrame(ReadingThread.java:996)
	at com.neovisionaries.ws.client.ReadingThread.handleFrame(ReadingThread.java:755)
	at com.neovisionaries.ws.client.ReadingThread.main(ReadingThread.java:108)
	at com.neovisionaries.ws.client.ReadingThread.runMain(ReadingThread.java:64)
	at com.neovisionaries.ws.client.WebSocketThread.run(WebSocketThread.java:45)
09:18:15.811 [JDA MainWS-ReadThread] WARN  n.d.j.i.requests.WebSocketClient - Reconnect failed! Next attempt in 2s
09:18:17.133 [JDA MainWS-ReadThread] WARN  n.d.j.i.requests.WebSocketClient - Reconnect failed! Next attempt in 2s
09:18:17.830 [JDA MainWS-ReadThread] WARN  n.d.j.i.requests.WebSocketClient - Reconnect failed! Next attempt in 4s
09:18:19.149 [JDA MainWS-ReadThread] WARN  n.d.j.i.requests.WebSocketClient - Reconnect failed! Next attempt in 4s
09:18:21.840 [JDA MainWS-ReadThread] WARN  n.d.j.i.requests.WebSocketClient - Reconnect failed! Next attempt in 8s
09:18:23.155 [JDA MainWS-ReadThread] WARN  n.d.j.i.requests.WebSocketClient - Reconnect failed! Next attempt in 8s
09:21:33.321 [JDA MainWS-ReadThread] WARN  n.d.j.i.requests.WebSocketClient - Reconnect failed! Next attempt in 2s
09:21:33.789 [JDA MainWS-ReadThread] WARN  n.d.j.i.requests.WebSocketClient - Reconnect failed! Next attempt in 2s
09:21:35.767 [JDA MainWS-ReadThread] WARN  n.d.j.i.requests.WebSocketClient - Reconnect failed! Next attempt in 4s
09:21:35.791 [JDA MainWS-ReadThread] WARN  n.d.j.i.requests.WebSocketClient - Reconnect failed! Next attempt in 4s
09:21:39.773 [JDA MainWS-ReadThread] WARN  n.d.j.i.requests.WebSocketClient - Reconnect failed! Next attempt in 8s
09:21:39.800 [JDA MainWS-ReadThread] WARN  n.d.j.i.requests.WebSocketClient - Reconnect failed! Next attempt in 8s
09:21:48.532 [JDA MainWS-ReadThread] WARN  n.d.j.i.requests.WebSocketClient - Got disconnected from WebSocket (Code 1000). Appending to reconnect queue
09:21:48.539 [JDA MainWS-ReadThread] WARN  n.d.j.i.requests.WebSocketClient - Got disconnected from WebSocket (Code 1000). Appending to reconnect queue
09:22:04.612 [ConcurrentSessionController-Worker-0] WARN  n.d.j.i.requests.WebSocketClient - Reconnect failed! Next attempt in 32s
09:22:04.814 [JDA MainWS-ReadThread] INFO  n.d.j.i.requests.WebSocketClient - Connected to WebSocket
09:22:05.234 [JDA MainWS-ReadThread] INFO  n.p.didnb.events.GuildReady - Registered commands in guild nevar316's server(1027635770955149322)
09:22:05.255 [JDA MainWS-ReadThread] INFO  n.p.didnb.events.GuildReady - Registered commands in guild 💢Blutrausch💢(974287878047793223)
09:22:05.261 [JDA MainWS-ReadThread] INFO  n.p.didnb.events.GuildReady - Registered commands in guild Umbreon's serverx(1061634554676383775)
09:22:05.269 [JDA MainWS-ReadThread] INFO  n.p.didnb.events.GuildReady - Registered commands in guild Valhalla(984186367070310400)
09:22:05.278 [JDA MainWS-ReadThread] INFO  n.p.didnb.events.GuildReady - Registered commands in guild Umbreon's Loft(321377200660283393)
09:22:05.287 [JDA MainWS-ReadThread] INFO  n.p.didnb.events.GuildReady - Registered commands in guild TRIFORCE(990136559879745596)
09:22:05.292 [JDA MainWS-ReadThread] INFO  net.dv8tion.jda.api.JDA - Finished (Re)Loading!
09:22:48.029 [JDA MainWS-ReadThread] INFO  n.d.j.i.requests.WebSocketClient - Connected to WebSocket
09:22:48.345 [JDA MainWS-ReadThread] INFO  n.p.didnb.events.GuildReady - Registered commands in guild Umbreon's Loft(321377200660283393)
09:22:48.352 [JDA MainWS-ReadThread] INFO  n.p.didnb.events.GuildReady - Registered commands in guild nevar316's server(1027635770955149322)
09:22:48.360 [JDA MainWS-ReadThread] INFO  n.p.didnb.events.GuildReady - Registered commands in guild Valhalla(984186367070310400)
09:22:48.377 [JDA MainWS-ReadThread] INFO  n.p.didnb.events.GuildReady - Registered commands in guild 💢Blutrausch💢(974287878047793223)
09:22:48.381 [JDA MainWS-ReadThread] INFO  n.p.didnb.events.GuildReady - Registered commands in guild Umbreon's serverx(1061634554676383775)
09:22:48.391 [JDA MainWS-ReadThread] INFO  n.p.didnb.events.GuildReady - Registered commands in guild TRIFORCE(990136559879745596)
09:22:48.393 [JDA MainWS-ReadThread] INFO  net.dv8tion.jda.api.JDA - Finished (Re)Loading!
09:31:14.129 [JDA MainWS-ReadThread] WARN  n.d.j.i.requests.WebSocketClient - Got disconnected from WebSocket (Code 1000). Appending to reconnect queue
09:31:16.450 [JDA MainWS-ReadThread] INFO  n.d.j.i.requests.WebSocketClient - Connected to WebSocket
09:31:16.704 [JDA MainWS-ReadThread] INFO  n.p.didnb.events.GuildReady - Registered commands in guild 💢Blutrausch💢(974287878047793223)
09:31:16.729 [JDA MainWS-ReadThread] INFO  n.p.didnb.events.GuildReady - Registered commands in guild nevar316's server(1027635770955149322)
09:31:16.750 [JDA MainWS-ReadThread] INFO  n.p.didnb.events.GuildReady - Registered commands in guild Valhalla(984186367070310400)
09:31:16.758 [JDA MainWS-ReadThread] INFO  n.p.didnb.events.GuildReady - Registered commands in guild TRIFORCE(990136559879745596)
09:31:16.769 [JDA MainWS-ReadThread] INFO  n.p.didnb.events.GuildReady - Registered commands in guild Umbreon's serverx(1061634554676383775)
09:31:16.793 [JDA MainWS-ReadThread] INFO  n.p.didnb.events.GuildReady - Registered commands in guild Umbreon's Loft(321377200660283393)
09:31:16.797 [JDA MainWS-ReadThread] INFO  net.dv8tion.jda.api.JDA - Finished (Re)Loading!
09:31:23.240 [JDA MainWS-ReadThread] WARN  n.d.j.i.requests.WebSocketClient - Got disconnected from WebSocket (Code 1000). Appending to reconnect queue
09:31:25.496 [JDA MainWS-ReadThread] INFO  n.d.j.i.requests.WebSocketClient - Connected to WebSocket
09:31:25.789 [JDA MainWS-ReadThread] INFO  n.p.didnb.events.GuildReady - Registered commands in guild Umbreon's Loft(321377200660283393)
09:31:25.812 [JDA MainWS-ReadThread] INFO  n.p.didnb.events.GuildReady - Registered commands in guild 💢Blutrausch💢(974287878047793223)
09:31:25.819 [JDA MainWS-ReadThread] INFO  n.p.didnb.events.GuildReady - Registered commands in guild nevar316's server(1027635770955149322)
09:31:25.821 [JDA MainWS-ReadThread] INFO  n.p.didnb.events.GuildReady - Registered commands in guild Umbreon's serverx(1061634554676383775)
09:31:25.826 [JDA MainWS-ReadThread] INFO  n.p.didnb.events.GuildReady - Registered commands in guild TRIFORCE(990136559879745596)
09:31:25.834 [JDA MainWS-ReadThread] INFO  n.p.didnb.events.GuildReady - Registered commands in guild Valhalla(984186367070310400)
09:31:25.836 [JDA MainWS-ReadThread] INFO  net.dv8tion.jda.api.JDA - Finished (Re)Loading!
09:33:04.734 [JDA MainWS-ReadThread] WARN  n.d.j.i.requests.WebSocketClient - Reconnect failed! Next attempt in 2s
09:33:04.749 [JDA MainWS-ReadThread] WARN  n.d.j.i.requests.WebSocketClient - Reconnect failed! Next attempt in 2s
09:33:06.744 [JDA MainWS-ReadThread] WARN  n.d.j.i.requests.WebSocketClient - Reconnect failed! Next attempt in 4s
09:33:06.755 [JDA MainWS-ReadThread] WARN  n.d.j.i.requests.WebSocketClient - Reconnect failed! Next attempt in 4s
09:33:10.747 [JDA MainWS-ReadThread] WARN  n.d.j.i.requests.WebSocketClient - Reconnect failed! Next attempt in 8s
09:33:10.757 [JDA MainWS-ReadThread] WARN  n.d.j.i.requests.WebSocketClient - Reconnect failed! Next attempt in 8s
09:33:18.969 [JDA MainWS-ReadThread] WARN  n.d.j.i.requests.WebSocketClient - Reconnect failed! Next attempt in 16s
09:33:35.548 [JDA MainWS-ReadThread] WARN  n.d.j.i.requests.WebSocketClient - Got disconnected from WebSocket (Code 1000). Appending to reconnect queue
09:34:07.679 [ConcurrentSessionController-Worker-0] WARN  n.d.j.i.requests.WebSocketClient - Reconnect failed! Next attempt in 64s
09:35:11.979 [JDA MainWS-ReadThread] INFO  n.d.j.i.requests.WebSocketClient - Connected to WebSocket
09:35:12.261 [JDA MainWS-ReadThread] INFO  n.p.didnb.events.GuildReady - Registered commands in guild 💢Blutrausch💢(974287878047793223)
09:35:12.271 [JDA MainWS-ReadThread] INFO  n.p.didnb.events.GuildReady - Registered commands in guild TRIFORCE(990136559879745596)
09:35:12.279 [JDA MainWS-ReadThread] INFO  n.p.didnb.events.GuildReady - Registered commands in guild Umbreon's Loft(321377200660283393)
09:35:12.282 [JDA MainWS-ReadThread] INFO  n.p.didnb.events.GuildReady - Registered commands in guild Umbreon's serverx(1061634554676383775)
09:35:12.299 [JDA MainWS-ReadThread] INFO  n.p.didnb.events.GuildReady - Registered commands in guild Valhalla(984186367070310400)
09:35:12.314 [JDA MainWS-ReadThread] INFO  n.p.didnb.events.GuildReady - Registered commands in guild nevar316's server(1027635770955149322)
09:35:12.329 [JDA MainWS-ReadThread] INFO  net.dv8tion.jda.api.JDA - Finished (Re)Loading!
09:37:25.927 [JDA MainWS-ReadThread] WARN  n.d.j.i.requests.WebSocketClient - Reconnect failed! Next attempt in 2s
09:37:27.937 [JDA MainWS-ReadThread] WARN  n.d.j.i.requests.WebSocketClient - Reconnect failed! Next attempt in 4s
09:37:31.943 [JDA MainWS-ReadThread] WARN  n.d.j.i.requests.WebSocketClient - Reconnect failed! Next attempt in 8s
09:37:50.874 [JDA MainWS-ReadThread] WARN  n.d.j.i.requests.WebSocketClient - Reconnect failed! Next attempt in 16s
09:39:05.765 [JDA MainWS-ReadThread] WARN  n.d.j.i.requests.WebSocketClient - Reconnect failed! Next attempt in 2s
09:39:06.594 [JDA MainWS-ReadThread] WARN  n.d.j.i.requests.WebSocketClient - Reconnect failed! Next attempt in 2s
09:39:07.771 [JDA MainWS-ReadThread] WARN  n.d.j.i.requests.WebSocketClient - Reconnect failed! Next attempt in 4s
09:39:08.601 [JDA MainWS-ReadThread] WARN  n.d.j.i.requests.WebSocketClient - Reconnect failed! Next attempt in 4s
09:39:11.776 [JDA MainWS-ReadThread] WARN  n.d.j.i.requests.WebSocketClient - Reconnect failed! Next attempt in 8s
09:39:12.606 [JDA MainWS-ReadThread] WARN  n.d.j.i.requests.WebSocketClient - Reconnect failed! Next attempt in 8s
09:41:34.004 [JDA MainWS-ReadThread] WARN  n.d.j.i.requests.WebSocketClient - Reconnect failed! Next attempt in 2s
09:41:34.853 [JDA MainWS-ReadThread] WARN  n.d.j.i.requests.WebSocketClient - Reconnect failed! Next attempt in 2s
09:41:36.012 [JDA MainWS-ReadThread] WARN  n.d.j.i.requests.WebSocketClient - Reconnect failed! Next attempt in 4s
09:41:36.858 [JDA MainWS-ReadThread] WARN  n.d.j.i.requests.WebSocketClient - Reconnect failed! Next attempt in 4s
09:41:40.018 [JDA MainWS-ReadThread] WARN  n.d.j.i.requests.WebSocketClient - Reconnect failed! Next attempt in 8s
09:41:40.861 [JDA MainWS-ReadThread] WARN  n.d.j.i.requests.WebSocketClient - Reconnect failed! Next attempt in 8s
09:46:06.240 [JDA MainWS-ReadThread] WARN  n.d.j.i.requests.WebSocketClient - Reconnect failed! Next attempt in 2s
09:46:06.858 [JDA MainWS-ReadThread] WARN  n.d.j.i.requests.WebSocketClient - Reconnect failed! Next attempt in 2s
09:46:08.253 [JDA MainWS-ReadThread] WARN  n.d.j.i.requests.WebSocketClient - Reconnect failed! Next attempt in 4s
09:46:08.866 [JDA MainWS-ReadThread] WARN  n.d.j.i.requests.WebSocketClient - Reconnect failed! Next attempt in 4s
09:46:12.258 [JDA MainWS-ReadThread] WARN  n.d.j.i.requests.WebSocketClient - Reconnect failed! Next attempt in 8s
09:46:12.872 [JDA MainWS-ReadThread] WARN  n.d.j.i.requests.WebSocketClient - Reconnect failed! Next attempt in 8s
09:46:20.264 [JDA MainWS-ReadThread] WARN  n.d.j.i.requests.WebSocketClient - Reconnect failed! Next attempt in 16s
09:46:20.879 [JDA MainWS-ReadThread] WARN  n.d.j.i.requests.WebSocketClient - Reconnect failed! Next attempt in 16s
09:46:36.271 [JDA MainWS-ReadThread] WARN  n.d.j.i.requests.WebSocketClient - Reconnect failed! Next attempt in 32s
09:46:36.885 [JDA MainWS-ReadThread] WARN  n.d.j.i.requests.WebSocketClient - Reconnect failed! Next attempt in 32s
09:47:08.292 [JDA MainWS-ReadThread] WARN  n.d.j.i.requests.WebSocketClient - Reconnect failed! Next attempt in 64s
09:47:08.968 [JDA MainWS-ReadThread] WARN  n.d.j.i.requests.WebSocketClient - Reconnect failed! Next attempt in 64s
09:48:12.301 [JDA MainWS-ReadThread] WARN  n.d.j.i.requests.WebSocketClient - Reconnect failed! Next attempt in 128s
09:48:12.985 [JDA MainWS-ReadThread] WARN  n.d.j.i.requests.WebSocketClient - Reconnect failed! Next attempt in 128s
09:50:20.317 [JDA MainWS-ReadThread] WARN  n.d.j.i.requests.WebSocketClient - Reconnect failed! Next attempt in 256s
09:50:20.999 [JDA MainWS-ReadThread] WARN  n.d.j.i.requests.WebSocketClient - Reconnect failed! Next attempt in 256s
09:54:36.324 [JDA MainWS-ReadThread] WARN  n.d.j.i.requests.WebSocketClient - Reconnect failed! Next attempt in 512s
09:54:37.008 [JDA MainWS-ReadThread] WARN  n.d.j.i.requests.WebSocketClient - Reconnect failed! Next attempt in 512s
10:03:08.332 [JDA MainWS-ReadThread] WARN  n.d.j.i.requests.WebSocketClient - Reconnect failed! Next attempt in 900s
10:03:09.018 [JDA MainWS-ReadThread] WARN  n.d.j.i.requests.WebSocketClient - Reconnect failed! Next attempt in 900s
10:18:09.052 [JDA MainWS-ReadThread] WARN  n.d.j.i.requests.WebSocketClient - Got disconnected from WebSocket (Code 1000). Appending to reconnect queue
10:18:09.731 [JDA MainWS-ReadThread] WARN  n.d.j.i.requests.WebSocketClient - Got disconnected from WebSocket (Code 1000). Appending to reconnect queue
10:33:09.109 [ConcurrentSessionController-Worker-0] WARN  n.d.j.i.requests.WebSocketClient - Reconnect failed! Next attempt in 900s
10:33:09.780 [ConcurrentSessionController-Worker-0] WARN  n.d.j.i.requests.WebSocketClient - Reconnect failed! Next attempt in 900s
10:49:44.596 [JDA MainWS-ReadThread] INFO  n.d.j.i.requests.WebSocketClient - Connected to WebSocket
10:49:44.869 [JDA MainWS-ReadThread] INFO  n.p.didnb.events.GuildReady - Registered commands in guild 💢Blutrausch💢(974287878047793223)
10:49:44.911 [JDA MainWS-ReadThread] INFO  n.p.didnb.events.GuildReady - Registered commands in guild nevar316's server(1027635770955149322)
10:49:44.940 [JDA MainWS-ReadThread] INFO  n.p.didnb.events.GuildReady - Registered commands in guild Umbreon's Loft(321377200660283393)
10:49:44.965 [JDA MainWS-ReadThread] INFO  n.p.didnb.events.GuildReady - Registered commands in guild TRIFORCE(990136559879745596)
10:49:44.975 [JDA MainWS-ReadThread] INFO  n.p.didnb.events.GuildReady - Registered commands in guild Umbreon's serverx(1061634554676383775)
10:49:45.025 [JDA MainWS-ReadThread] INFO  n.p.didnb.events.GuildReady - Registered commands in guild Valhalla(984186367070310400)
10:49:45.036 [JDA MainWS-ReadThread] INFO  net.dv8tion.jda.api.JDA - Finished (Re)Loading!
10:49:45.323 [ConcurrentSessionController-Worker-0] WARN  n.d.j.i.requests.WebSocketClient - Reconnect failed! Next attempt in 900s
11:07:34.321 [JDA MainWS-WriteThread] INFO  n.d.j.i.requests.WebSocketClient - Connected to WebSocket
11:07:34.676 [JDA MainWS-ReadThread] INFO  n.p.didnb.events.GuildReady - Registered commands in guild 💢Blutrausch💢(974287878047793223)
11:07:34.696 [JDA MainWS-ReadThread] INFO  n.p.didnb.events.GuildReady - Registered commands in guild Umbreon's Loft(321377200660283393)
11:07:34.716 [JDA MainWS-ReadThread] INFO  n.p.didnb.events.GuildReady - Registered commands in guild Valhalla(984186367070310400)
11:07:34.726 [JDA MainWS-ReadThread] INFO  n.p.didnb.events.GuildReady - Registered commands in guild nevar316's server(1027635770955149322)
11:07:34.746 [JDA MainWS-ReadThread] INFO  n.p.didnb.events.GuildReady - Registered commands in guild Umbreon's serverx(1061634554676383775)
11:07:34.777 [JDA MainWS-ReadThread] INFO  n.p.didnb.events.GuildReady - Registered commands in guild TRIFORCE(990136559879745596)
11:07:34.782 [JDA MainWS-ReadThread] INFO  net.dv8tion.jda.api.JDA - Finished (Re)Loading!
11:12:27.773 [JDA MainWS-WriteThread] WARN  n.d.j.i.requests.WebSocketClient - Reconnect failed! Next attempt in 2s
11:12:29.956 [JDA MainWS-WriteThread] WARN  n.d.j.i.requests.WebSocketClient - Reconnect failed! Next attempt in 4s
11:13:29.512 [JDA MainWS-WriteThread] WARN  n.d.j.i.requests.WebSocketClient - Reconnect failed! Next attempt in 2s
11:14:30.523 [JDA MainWS-WriteThread] WARN  n.d.j.i.requests.WebSocketClient - Reconnect failed! Next attempt in 2s
11:15:45.473 [JDA MainWS-ReadThread] WARN  n.d.j.i.requests.WebSocketClient - Reconnect failed! Next attempt in 2s
11:15:47.482 [JDA MainWS-ReadThread] WARN  n.d.j.i.requests.WebSocketClient - Reconnect failed! Next attempt in 4s
11:15:51.484 [JDA MainWS-ReadThread] WARN  n.d.j.i.requests.WebSocketClient - Reconnect failed! Next attempt in 8s
